<?xml version="1.0" encoding="UTF-8"?>
<!-- Generated by org.testng.reporters.JUnitReportReporter -->
<testsuite hostname="DESKTOP-PC9BQ7P" failures="0" tests="3" name="modules.TodosTest" time="12.842" errors="0" timestamp="2021-04-03T13:46:29 ICT" skipped="0">
  <testcase classname="modules.TodosTest" name="createNew" time="5.972"/>
  <system-out/>
  <testcase classname="modules.TodosTest" name="removeTodo" time="3.563"/>
  <system-out/>
  <testcase classname="modules.TodosTest" name="markTodoComplete" time="3.307"/>
  <system-out/>
</testsuite> <!-- modules.TodosTest -->
